qzjggk1one 11
two2seven7 27
vszthreetwo6threethree4two3 33
zcsvvlslqvfive11chhzmdjdgz8vbgldl 58
jjsmsksvbr77cfdrdseven1zd 71
947lkkgznlhxseventwo 92
8twohprsxmz47 87
five11eight1 51
seventhree1eightztszfourfivesix 76
cbcvd9 99
hg91fourhhpvkrxbn 94
1mqbdkqxnine817four 14
btr4seventhree7hbkkg 47
4fivegtbqthreeeight421six 46
ninefivekd7 97
9onetwofprmrhmonedb 91
threemtmjpfzqkdnlpl81one 31
six7eight5 65
twonkhnine22fivep9two 22
qfqtkz9fivetst 95
rkzxrhvsgonerqqkpf7nined 19
fivezg8jmf6hrxnhgxxttwoneg 51
21nine9two2tfmfxjrvkznkjzs 22
rhcdx54 54
jhnpkkp5seven 57
one8xrjsk9rrgkt 19
nine58 98
1twohphpl 12
eight3pfzvrt9msgxtrbdclsix5 85
874eighttcpzdbrlj 88
qlxkgtwo9 29
ninedbvone1sixlnzdccpsixgzrfdnddmtgf 96
7eightppzmhmpn4bvvxp39sspf 79
four48rvhnzsnzmjxrl258 48
342 32
three2mmqxh391 31
eight7vcmhfqznbccrvl4onehfqmjone1 81
6kgchb4xggs75two 62
five6ntbssixvvtvs8spgdxl1six 56
one7one 11
27three2seven 27
rbmgfive4snq 54
four239threenineeightzrbvbgthree 43
two4one3 23
sixcpcthzvczjp725 65
fjninetwo6 96
seventwonine7 77
1twoonepzrjzsdfourdbdrxg1 11
vzskvvbtjfeight2sltfdnine 89
oneeightfive3lthns49 19
cxkqdgrftbhzsnine6 96
onethreesixsix5jsj 15
43347two7 47
threexfcvbv9qkthree3 33
7qbpndqrzdzfjnineznpfrtkrjqthnkrpvcflfr 79
prcjmkhg9242eightjtcxmljchpchkkftqfk7 97
four2bdhjzsfctwothree5 45
1qkhgpms6two 12
foursixqgeight5b 45
8eightxtzp 88
21bcfkqgjndone 21
five56fivefiveg9six3 53
seven1fivegrgcmp 75
prxgtm9threezfqsvpshjnrhbtthree 93
2eightsevenonenine2 22
sevennine8vr 78
htssttpntwolpghms7dhqzpcssnqtwozxxj 22
4hggpthreefive 45
httwone6hhrvkknd 26
six2r828 68
four42xhlgfour 44
8one8 88
6twoseven8onextcj7zcl 67
lqx9848 98
xdsvgtm8672sixsmlndlc2four 84
8vrvqdrcmx9 89
one42nine 19
dstdftnine8three7 97
hhpbcz3 33
6tdzgbkdjmfourtworfmjnmlqs2three63 63
5fivejbcjfqjnd34qcjkjvnnkrtwo86 56
ztkbh8threezjfkcm2eight1six 86
gpkzlpfq4kghqlzqfkfivenine 49
gxnlcr6four92 62
qoneight55five3 13
brhzqvk6 66
sevenlzvktjftcvfkvjzn6thlzf 76
2tnvkdzrtshfzxvzpc 22
mbndnhq3one9one2one3 33
six11eightoneightklv 68
1lrtvfzszkqlcstmztkninenine14llmfive 15
1four69two8shhmd 18
five7xtvtlzpsfsz1htsjxzph5 55
9seven4fcp 94
fqhbptgthdfnng6zzzksevenbchrtvtwo 62
two7712two 22
fdkbn4lhcfqcdjbfiveeight6 46
foursjlrleight2five 45
nzfmprckbcdvnzzj4xcpngq6 46
kczeightwo4fzshkzoneonesixfivegpnnrpsp 85
nine5fivethree 93
ninerjkcvrjr8koneseven23 93
sncnb4gb9 49
four3five21 41
8seventwo 82
pknhg9jql51one4 94
1threetwo6rfvsgjbhjlcfour 14
four7fiveseven3fourdqvsnkkdrbrhnfsx 44
7rcqcbqsfz766 76
4hdzzzggfzs18eight2twoqmnlcxzxs 42
x8 88
eightsixdqcpvsgzndqqone716three 83
6sixeightnsmkckmssfive12 62
7threesixninejrbthreebqpqtl38 78
five11nine9cljfjk83 53
qhrgg313jjhzptpvnrjb 33
mm23 23
onenineseventhreeseven5thxmgzlxm2 12
threevhrfjnvv9sevenone 31
7onehnxssvbgeightsixone5 75
sixone9sfsix 66
seven3five6nineleighttwo 72
6fiveeight3bxtt8 68
tvtzseven3ljkqmnkprmsevenmdnpfour1 71
twovjjnznn36fourpvjfourk 24
4zk2slkstxjxhr9 49
6qzhhzgvpfoureightljcfxcjntwoseven 67
73p43cqqpjrsrmzgqzhtrl 73
32fivemxfdldrkrvstffive2 32
fivethree3eight86 56
six33rxgscqrpqtkjrqtwonet 61
3ssmlszjgtd8sixznrvstmbjqjthzkszx27pbsgkvsj 37
4eightnjvnvd57sixjtbrthmtlh 46
3eightsix28 38
18mnrnlppvxdjg88 18
qbnmt4fivepbqrlzkd7eight3twonehzh 41
5xkmvfive8two 52
72fourpbrsix48tg 78
8eighttwo28eight 88
68dvfxsix5trrftjmgsevenslnjvzggnine 69
zblphhsrhr2nine 29
7fivethree35ninet 79
sevensix1cmqgxjdpj3jqct2 72
5fourtwogrpxkgxvtcfive1sevenjhxzb 57
oneseven9sixone5 15
four4klsixnbkxmeightfourtwonekmc 41
2vzknhhhznx4one 21
kndone4three942lqxdxddfour 14
vrcmxdgssevenseventwothree9 79
stxvhlsqb9jccxph8three38kbrxvkr 98
fjxhcbbczfmt7twoxfmdgxsps 72
5715threefgtsgrjb 53
254hnjrpsbbffxmvtjsjstkxkponeljcqhdll 21
qmvlxjjklmkhvmmjd7dfkztjvtnqfn 77
seven34five5mflmvnine6five 75
jtqdgkv3three 33
6four1fcmhbpmbknkpxthpcthreesevenonethree 63
three18frtwo 32
boneightvlgzbzrqzhrsfvsevenninenine8nqlzrcqslqxkn 18
7seven6sevenvrlnvqjdsix 76
hprgnr2hmgnjnvzleighttssseven42seven 27
fivethreevhscfxqrz42sixseventhreefour 54
9onettcqgvvgcpone 91
threeseven2sevenpxsjphvdzj51 31
26onecmkcseven583six 26
nine3csevenpzhjxssxsix52 92
2seveneightsixthree2 22
7vxxfxjkfkeight69 79
f3714fivedrzst 35
qvlrmrgdjsdsevenxjf1fournprtlbpngkqt 74
9four7rd549four 94
3xrnlfivehsnkzdgmfoursixninenine 39
two1onelkqgvceight 28
four7vbrkrcnine 49
twotwo8fshnvrzrhgksbf4two 22
1eighthdnrtpglhk6bfqtjqkgvcpztrf2 12
93five6hrxc8six 96
onechldlktgq5xckxbtlhhszjmsjlsttxrncssffh4sccgxjz 14
fiveninenbkxzqtbqglx69 59
xpkfldsggg3eightbqtbrfthd 38
1six1kk54sixnine5 15
onethreefourfour99threethree 13
cbpgjltprj5 55
seveneightfivezrsrseight9 79
sevenbqpkone7six9 79
2sixfour9fivehrksb2six 26
386mfggvhgksmnine1 31
tlrkxpbnmmcjfzgbh697 67
8bkksmcbnxsgzsixpv24 84
four5qtjjcvnjnxfhcblfdgsssqmcqfive 45
3jppthreezkvjnxptwoonefourjtbxfllqf 34
sixtffm85ninefour 64
19seven 17
twocxxzkcv37kleightwod 22
dncbnpbch1sjjbdnfjqj 11
twosixjmljjllk67 27
hggzqspzbllqeightzbckfllhtwoseven9 89
tvsrsix9ninefivefour5twoneg 61
5eightwox 52
zvpkkrs734sj 74
88threekmzzbfsfxnrztbgkqseven5ltfcmzpxxvb 85
fivesix62twonine 59
xrcssevenp2 72
seven6eightjkfqnrkntmgfgccrvjcninemsix8 78
jcnnjbttlf7522fqxpcvd4sjq7 77
dvqlsgd1szspcmfhmptnphk32five 15
93nqrmmbfbhvhkbjxcj6pzjb 96
4fourp 44
35522 32
1462 12
four5eightsevenxcqsevenqxxp 47
2pmthree 23
five73fivelkcfbxttlkxgqrq 55
7hcjtq 77
3c2 32
stmtgdlxz9mm13mdkpn3fqmfnghmn 93
fivellbhrntmseven7vltvqrclblsxg 57
ninebrfbxcrsgxhmn61kndonegfbfrdseven 97
xbq5two9 59
hrmsgltrlllrrnd3seven 37
fivexfs9 59
6eightqvqdpxltsrldc6xrxjpdz14qxfnsvbzgj 64
sixfourfivershtwo9dfvnqkpzczpxgsfsgb2 62
8sevenfive9twoonevmjcpklsvmsixbghd 86
sixgcdjdhgglhdv5 65
dmxvdp62g6six 66
fsseven8fcqkl 78
6ninexkgqsglbninedcgtmsp4qhngtvs1 61
62nine2threesix 66
m8rpxcjgcvtseven7five4 84
kxx13 13
plptcvbzh3fourfiveczxdrckjbg8twoninecrhfkll 39
8six8 88
xlvngzxlrnhh3fiverf3 33
vk3eight78 38
eightone97six3jdztsg 83
4mmdsmdllrkld 44
twotdnlkbdqmqtwo1foursevenxbbtrfjztbthree 23
fivetzszgzbvtwoone6 56
snine52bmvkdkeight9 99
fourponelvrncjhkmv5 45
onexvnine2xtjkjvmhpvkzrzczthree3two 12
5xbdg5klzcxxfsix 56
seveneight17 77
gnxptlnhfr32 32
vcnfhslqb1nine 19
sixfour7oneights 68
sninefour9three 93
ddhmpjnnchkkc1hlb 11
mzvsgpbp21four468 28
four8s3kfqhlxfeightkjbfv 48
83threexgsvhrnvfive 85
dhqtdfcl4sbvthreeckqr 43
1nineptcsbtckgrgeightjjcn82xtkzmjhnsb 12
bprldcvpqx94onezmcgntk6 96
816 86
sixone9nineeightclrvctwojfjskplgtx 62
twofourpqkvbs8kgtdrsqd 28
hgqxn9psdeightpmpqtrzpncxx 98
lvk1nine9 19
twothree7eightqqhzbhbmntpknmnvckfourhbsdqlzs 24
nine61one 91
759fkfnzgjkhvztssv39 79
gfhnrfone16eight 18
threepqxzpeighttwoseventgvjvgl1 31
dgthhx1 11
shdffcqfxpvpfsv4hmknbfnvmt5seven 47
sixsevenkgdvdqbp7tfqjpjfive4 64
ngvqc6three88nlnhzjndss7two 62
sroneight8 18
77seven114sixgzrnlh6 76
8fourfive7two1 81
nccsjq6twothree14vzjnnrjbxjhkdcvmvzzc 64
six4hxrjdztttqssvhslpqjlxtqhgtqf 64
five4dlmdtsdxrg73one8eight 58
1sevensevenhb 17
vbnmfr3knfncgtseven 37
8sceightnine 89
x3two 32
hjhknjmbhnpsl1six2six5 15
ninenine4b74eightthreefive 95
twofive5fhnnsq32mdflndlft7 27
threesix7 37
sixfivefivesixthreeseven84 64
ghzgpxjqj4threeone2153 43
3threefive5 35
four5one59fivesevenzlpgnmjtqh 47
47jznslzfdgklndmpcjdksrqfg4threefourgctxp 44
kjk9pxsdgsheight6 96
four6mbskcnpgkb 46
48nine 49
3ninekncjthtk9rbnmdmdrhrksevenpcpnnk 37
jgqqvd71twoqmzr 72
fr8six93nine3 83
29sevenppgrb3pqbbrthreeseven 27
onetwo3fivethree 13
2nineninefourpstb72 22
one6two 12
971 91
nine4foureight1dsftjdrq 91
msgbxbbtb3pnlnjsixthreefoureightwobm 32
69mqfclsqhss 69
one166eightbtchdlppone 11
zpg29lnksjlsxqmtwo1k 21
76ninetwo56 76
fourbpmgdl38qmnfrlntxzthree7 47
jjxvqchjzscxq1vfmjvklg 11
psixseven57 67
qxgqsfhf54 54
zcjshnthree45hhpdfninevhrlhzxthree 33
sgkztgmsbs7ndtvpm8twofive7 77
ntwonemktccptwotwoseven4one 21
2sixnine4nine 29
onelzjlkttzqthree34threethreeeighthrfzgzzbr 18
2eightxktjp6tmlrlmkpbcz 26
four974 44
9ngnj 99
7fjrh9 79
2fxpcdjcnm1two 22
ninerpbnjfbfourtwoone61lndjmzqfrj 91
8vklltm1pthreedtp 83
onemfmhgfjcbptwosix31 11
lrzvkvvffvlfjgzcxgqpf769fvppsmfivegktg 75
five7sevennine 59
6vjcfhkf2bgjknzlfour 64
nine7eightwoczx 92
gccdbvjlzeightfour4fcvxdqg 84
hsvjdlhqxmq1575two 12
8rtlptb5xjptxk 85
4seven3hcpnqhzz3xxkjzltgjmpnmthree 43
threejlsninefour12 32
bg915kmgdfzmqp4 94
four2lsix8zjhmkq 48
tmjtwonesevenktwophvrsqpntwobg9 29
ht8fhqqsvzpg12 82
fgbd11eight7486 16
vzrtrfiveoneeightsixseven8xdklgqj 58
ninejg34 94
2zlrpcf 22
318fbtmxdlnbr7sngkjbzt 37
hgneightwogrfkcxpthree98threefourxshxvpbone 81
ninesix6onekzffggjtvh3ninethree 93
5vn 55
7dctbvpm 77
cvvpszdheight6 86
sjtlseven42threemsdfnfive 75
km6zcxpzlhmd 66
3sixbfs 36
clkpxpmtrthree4one 31
bthreethree42eightqzjfnc 38
v955onezltllqmk 91
vrqkjpr1rkjmljn1fourninezpkfvvqsldxzlnl 19
sixnfivetchsccgr5s7fourgnsxqg 64
hqkgndxmdthree5npf76seven 37
six7grnnxhgg4 64
jthree432mvppjpbk2vcrnthzzc 32
9seventwo48jpvvkgf 98
86jhtmsftsmkxpjgjvdqjchpmt 86
kmpqfnvstncrxq3hpbk 33
hfbknxzrmqlzsdk79 79
jxdlfivemplvrsl9eight 58
931 91
hcfssghtwonsjcdhbnfx42 22
49sixeight 48
vpc2eight7two 22
3sixlqdzbf2nine54five 35
twoone92threenphjgdlztslfourvlfpbdqpvh 24
eight1347eightdhfdqnp 88
3fiveone761 31
9hbgljt 99
sixlfivet9qtsvhlfour 64
six35two 62
2one3vhzfxjp68 28
seventnqpllcxcxbzkznqs24 74
1twoeightsix 16
five2sixnine975ffjtdslzvhmgzxmjp 55
four53eight 48
6fivesevensixbnpbqvfvkc91kkcth 61
4hdfvjblpmhhgvssmzhgtspjc 44
xtftqpvbfbzlgmrrvmctwo4cqhrdsqjnjone 21
hbqllzxhz5t 55
qrxoneight3sixlcsldhone 11
hjdsevenqffone5threeljqpdxxxs 73
one79hdbrttptvpfoursix9seven 17
ninetwoczt18threenine4vlcrcnmxr 94
h9fourseven8kbbfkxpmfll 98
ztrqpd88fjfive 85
1onetwoxprmpthreevbjmjzqgcms1one 11
9qgpzftfq 99
lpsninevdxdxpfbbm2 92
41hdnzrrv7 47
vhdbnkjhxbsmsix5zppbcrhhv 65
fourlnfive19 49
threedjjkssbhsevensevenfive8vzsrprh3fcnlz 33
zkgp95znpqjdgtsclscf6 96
9z3 93
fnrkmtkz4 44
sixfour1qpzzzrtcneight 68
67kseven 67
4lrqrhone 41
vxqtbgltwosptqhznnine7 27
1tqcxmxhtdljmsklfzfb9 19
eight2mqcmcxqzdjnpddqjptwocznvhzone 81
g7 77
1gzmnlvrmlfscdbnine 19
18qjtq6nine 19
three9six85four 34
vrhfclpzteightdvjdsjhseventhree2 82
bblhvdcjfqgfive6ninenine7 57
8nrjbqnfkfiveqhbbc7lfjhsfour7 87
cjkphrvninefour2nine6 96
kscvmlxssevenonelqdrtcqcqthree3two4 74
1333 13
sfrzr9 99
onez2eight7 17
tbsxcmgmnb636nfcdsbj 66
2vvqhrczfnmngbpgtsnlfourfiveqzk 25
7gsskljk6bmgstmptsixcdjzm61jzgxbjrtl 71
fourvfph31 41
tpzfive8 58
fiveseven62 52
six55sevenvrxdeightnine4 64
pffbhkpvhtmsr3 33
4eightninemzbkzmkd 49
jntwo4twofdgrl3fgtqmnfnz 23
6threetvzjn8 68
5kvc82tksgsxvm 52
mrtwone3seventhree 23
8six7gxgfmpkheightxxqbshrn 88
fivevtbcgzmvrdkxnssneight2three 53
fiveseven2ndpkqtxxkninesix 56
one7jslcxd 17
7vfjpjfsxgcfbgtsbcnfjfvdql 77
35ninexmssjbzvflcsgjlgf4 34
jfnknfxsrp6hpmnclmone6hzpnfnbhsfive9 69
jhmmvkspvdltqcmqlqmbsevengsvfvxhct7vnjntseven 77
lzml9ninerbnpl3ltsclmjvfour 94
fourpzsbmv2oneeightseven 47
fourcptgpkm5onepkbpbmzhsnbftflkthreeznnjkrmqkp 43
vflqthspgjrxnvvone9fourfour 14
two4jtcqdrbmfs2six 26
1five2seven 17
seveneight8threerspnbsxhjkeightnblhlj 78
cxnhsl6three 63
eight96nineone1oneone 81
twotwo5ffngqkkjc 25
sixnine9ptxjjbhhpxmxllvd 69
69tkdpg 69
tgrtrd4 44
7xj99 79
6kjgvlfivedfourseven 67
sixjvbqzs9 69
1336threeseven 17
3mzfgkcgrkm668 38
eight639five 85
zzg25s2mccdfrfsthreeklsqnbgpzbjmgqlntc 23
np9twofive57four 94
nrkxxt9mbxfnbrjvfzf 99
55gfl 55
five4ninepnpdrfqonepblsnm1 51
2svkthgrhgrkjjvcxxgjjlnm 22
3758rn6 36
rghbnfjdz6kj 66
brnfvpdxrkhfsql216seven 27
xchkrlrn5rqfcgznxjnfour4hpb 54
three658 38
72sevensix 76
6four569rmcnhcqb6three 63
fourfoursix8eightqkpvbns2 42
sixh6fourfive 65
465 45
8oneightmx 88
dkdnrtqxhx6 66
m13oneonethreeldjsbrrvbg 13
5tqvlxnfournddkxcfchr3 53
ninefive418lfgb32 92
cfjbm18 18
eight6jdgnxxmgg 86
boneight2seven1 11
vltwone3eight2one 21
five1xf1foursix 56
ninecgznbgcrfseven8hkqtwo 92
vttwone6tjnftjsmkb 26
sixdfthkdcq84chsrtwofdjm 62
hgtvtqbgchlntttzht34twojpjzqh17 37
6qqpsnkdscgzvplqpdqkbmtv 66
eightjbone3cpfvrrpvjeight 88
9twondldz 92
974 94
2jtnd7oneccdhldpghxjp 21
54fkqhzjgssixtkhvtmkggtpgpn 56
four7twosixninelmmhzttthtprgd 49
qkjtzllg7mhvhrdmhlvcjxkqlvplfeightk 78
xcndxmmqnj6bzhkx 66
m9one 91
nzcdtnk8one 81
onesevenvspvtnlx829one 11
32fbfbpblxjlsn 32
7tkgxjdk598xbkxzbt1xqgzppfcrh 71
zbffthreexqgtzpeight11csbcvrdsdnjxrf 31
twonine6sixnine 29
sqlzbx8llrvtzmgdjfrtvjxctp 88
5nine95nineonethree8 58
three814fourb5eight 38
tcgrxfxjqthreemdzj1 31
kpfbjlftxzcvqjmbtbjhzsnhknlcrdntseven8 78
8572xrjm9bzrnzz 89
klkdgszqphbdt4 44
seven69 79
nineseventwosixseven6fourone 91
hkmhpdlxrxtbljnlq6twovszpngfdx5dpktd 65
nfcxsr5eight63one 51
8eighttwonine5five7eightwokv 82
4nkv 44
6klbcjh9rnhvrznrtvkktnhone 61
597twoseven 57
xlrfzngpffhjc18 18
nine57seven3xfhs 93
377 37
fivefourcxdfgbtnhmscdlsrnnljvgjlthree1f 51
4hsgqrzthtk 44
3ninez24 34
k9qgqsbbqdsj44tr 94
djcsxdmd6jrgtmxpk5onegrljnflbhmnnx 61
sxxrhpkpclbjms3jq 33
8ngmpfiveoneninerpbscdgjxztkzldcjbrk 89
637zbrfpsvhj2hzmvx 62
4eight6chc6 46
5one9nine 59
7sevengqrqztfvmhkqnjveightl2twovtgdlhv 72
twosixeighteightmm62 22
zlbtcjgninevbctrmsqkqkkjmvcfthnfvnl4 94
fivesjmgr7two 52
twotwofivexmsqvjv6four 24
7fiveeightsixnine 79
ptkdvqjbniner3five6 96
68threepkzgtdhmmznine 69
5jhmzcznnppzpzvmtmn 55
onethree2nine 19
9six9 99
fivek4qhqpdd 54
ninexqrfqddhsix96eight 98
one1nxzzlj 11
four6gjkhkmqvq3jn 43
6scthreedtsqfzdjdpb614 64
77tqrbpsrkvvf 77
7ncjgtb854 74
threeggknmtwofour9kjlnfkhfive 35
t5trbxmkss17qvbdbl 57
jjftkk5 55
xqkxrsevennrlqqmcdtwo6srsxdmqffx 76
3six4 34
bssbzmgdvs9qnsfznvone8seventfx4 94
fiveckftrzxhmtwobrlgzeightkscfxzqqvm3five 55
pngggbvtpsfkjcnine18one 91
zkgg9sevensixhlxb3 93
gxxgrmqfbrsvm3xdpzqzhjthreefivemz 35
9sixshcpfivetblntkvqrfcrqbgxcvgzxdq4 94
1prnmqrteight9three6twozvbmhttzqzhjmxxg 12
191mjpnddq 11
4gtddmzprpvgrgbczcxbz 44
2onesevensixbmsmstbqeight9dxtjkndsz 29
mtwoneeightmdseventwo24qn 24
two69bmvplcfhgxqxzbnb32 22
282seventwo1582 22
19cmqgjn 19
8ninesxkxtjbmsssevenmtwoptlsx3 83
5ninefourpc68eightonefour 54
nineoneseven3four7 97
83fivevlndzxsix4njnine 89
4ninengdkgtt4eight 48
threenine1 31
461q583 43
37mtppzmdtonedfrgxxr 31
dbkqbcpgjgonejbrsdvgfmgftwo8 18
four52bnine6 46
17 17
9mmjzvlgnk6 96
1three3twonett 11
123threesixklzxonesix 16
two5ninebcsrkvldtkfseventx14oneightt 28
eightscsbpjfvzqqzvphgqb5fivermgpnztwo 82
zlvgbkztbzbbrfive9jqp 59
eightphzrnbdxshhhkvtv8 88
mqbqlznsr6 66
87twobrcxzxgrjqs97pskfour 84
fivecthreekfrmsjvcmlbrcjxjf8four 54
vgscjjrxtwo6llhdnsevenpb 27
jrkrbndlphnnfvstthree6ninespchtjzht 39
flcffqpthznrhmxklztqtdqhone2 12
2811fourseveneighttwokqsfzvgn 22
8nvrdhmlnrjqsixpjdbrfrp 86
thnpqfntttmbbjeightfourxgcone4 84
5leightkvsjfjttxlrpnmjxzxsevenlhc 57
eightqrqvtcclqfive42 82
5threesix 56
qrpfive2mlhgctblhns6sixglnllttvdtwonekls 51
6six8two 62
4fourninerrppmzxlfdsixbzvdjljsx4 44
rjfpktwo7nndlnmsixxtbngv 26
lpgfs9eight12krtktzsix9four 94
3one1x 31
pjnvpbbb3 33
5nine1ninejxccxrrcdf4 54
gdnmpnineldhxrtpxbfn8zkmcpgpz4 94
r821sixxktbpncp 86
7glxnlfrvlqgkfour 74
8three28 88
fourtwo3twopllxrjtcthree4 44
txhrhxpbg6 66
psfrrdvdglrgb9 99
nfjnshb4seven764xmrkhfgpgtsmsix 46
2vflvfgkcktqlqrktkx3eight8h 28
hmzhxctkv8tftvzxkoneightdb 88
cnklbqdseven6kdrvbjthreeone48fiveeightwoj 72
sevenfouronetwo5323 73
tworpfmhd12 22
tlconeightjcktcngts1eightmxnsd6qgzlvrg22 12
klrpbs2jxmfdhnzmbtwoqmjfive 25
mdzptfm94mqlscksrmh 94
spkzfm9six2zjgmpbm1vlktblxqnn 91
blfxjrrcjx4four84xb6 46
bbsbpgskffourrfbhgblhvxlhxbms3 43
lhgtjmone6878 18
qvlvtwosevenxchqcfivefjbgvgstptbv5 25
eightff6fhl6 86
three3vsix1dxtmtwo 32
79vrsng6eightnblbrhkbk63 73
nineqlxxvpxvzgsdhsix6 96
kpjsvdlrfg2drhmqtthreenineseven9six 26
3nlrkddlvlslnrms 33
8b3foursixrjrd 86
7gpjclsfljhnndseven2twonine 79
cxxtx79onetwokgdbh 72
bfllxk5t 55
42fivefivemtcnmftwom 42
dsrfcc2rjb1nknjlfone 21
1onethreejnrgmfzbeight277 17
rxhrjb189nine 19
onegd6threeone 11
spcrbvcdgkgtkeight4fourj2ninekfjg 89
leightwo54dgvslxlmr49drfcpkxglt 89
fv72xkkqltqfour 74
one95gcspknineonejbxeightsix 16
7onetwothree47 77
twotwo8 28
9pprfftptwok 92
two85 25
cppthree136ljvgmzjsix 36
twoppqninejtjlnzveight2 22
4mdnrggvjq7jxst59 49
twotwoone6xjsxdtmpvl 26
six4flbq 64
seven3three4jskfivesix3zjbnktkb 73
fourzzg8four31twogrsbjmhdj 42
hrbcmsqq2sixsix 26
one87fourtwoqshfntzqmfourfdkg2 12
8sixsevenfjsgxeightoneseven6 86
sixgkmhdprrsdcnrp6 66
rfleightwo7ctrrfourjszmgsbxdsevenfive48 88
fpcktkstbxclhttfmdjmqgspbdpt5six 56
six3stptnfbrnrfivekxntrsnnrf 65
qqnmvdnp7nine9bnkqkxglk5 75
fninepczvnine6 96
fivesixthree1foursevendvsdrlrxnjsnlbchs 57
ninetwo4eightnine 99
fiveninepcsdhmvtvrzvctd5gcshznfsppbphhtcpeightwob 52
4jmlqvvrndnine8n9 49
six8tjgm2vnine 69
nbf1zqdfrddsfsseven1sixznpcfour 14
1nine8gj78vhphqf8five 15
3sixonegthreeninepc18 38
gsznrcseven4 74
927four13h 93
rvzdfpgbdztvhd4two 42
seven4qnr 74
six1eight 68
9lkkb 99
3seven92ntrbtjggtrcrnffst 32
xhcpcdmfl5 55
fiverpngvmzbxrqbtv49qhctgpcmlmbqhzsix 56
sevensix82fivexhrdfgrbdpp7 77
lkloneighttwo4dfour8eight 18
four2threen2mpcqmfourrspvlbeightwobb 42
scqg125htncplb 15
32shmcone31fourxn 34
3583 33
four5zzfphtvjrmmfgfzq4 44
1one9one 11
nine9fourmvcfshnbonesevengxlhlmvghsltxhxzg 97
65hlhzm4brnine 69
jkkpthree6 36
zpjkstn72rjjskdcgtwo4three2 72
gvz73fourjzzbxmf6 76
662nqsjsxzf7threesix 66
three9sixfive8pxdktmlqgchrfpdjpdv7four 34
19hsvtrpngkqvtrgcntbeightwovfp 12
zsgeightwo92foursevenonefive 85
fourthreexcztqhqtmd1sxzqtlhkvnmhcrgthree 43
dthftwocsnkrjrkkeight8oneqzfxfrxh 21
36414lxhkhtm 34
cqjxdlx9two578npkbx 98
2nine7eightvn8hzcxscgrm 28
seven3shxcpfdzhmnine6eightp85 75
pmjfklprvxmfbgthreeeightpkdnskthrkmjmdnpgztqllbrdvt8 38
7kdrjsrhxljmvqdrdgtcbone636fourone 71
892 82
83jkvnxmcsixseven25csxd 85
13zzrplcqhxktbxkpkhdgb 13
cgclnmkl9 99
twotwo1eight 28
seven23361 71
72onepmvnzbnjnhv3seven9 79
threeqmxcpvmhbpvtlvcponedlpcvlqhthree2 32
vjszmfour69scgz 49
ldlqdbsxb2kzpq 22
four77threeone1 41
lglpdjdjrl8seven9 89
63nineeight 68
xgg9xhthjft5 95
qzgk7sixlhc3sixzkqlrhsixnfl 76
7fourjpmhfclbklmqj 74
twofive7twothreercdqdjx 23
2clvxxknzjdsevensixllczroneqxrqm 21
mcdghvnbvdmqtbnbbvm8sxdpztffkkl 88
17seven 17
gj4seven74 44
pdkhqcrkkpshxgxbxbq3vsevenvpgxggk 37
1six7onelhvfffpdkgpgggrk 11
46jtwonen 41
4eightsix6hscxf 46
j8gs5seven 87
4qntv5two3 43
pflzqzrxkfive5fourninefrpp9six 56
seven18 78
6eighteightthreeeightjltcgqfpttwo 62
eight6five 85
tmz9 99
jpseven4 74
smnpnlvcfqsdjhs94 94
pmsseven7prmvp 77
nkdeighthxxbbvptwoonefive4one 81
zst7cxhnlbgcqfive77xmknmnjcdcbkbrctdj 77
eightsixjsevenplzkx34jfctccmdbt 84
kmkzsixthree84 64
tjpn5xzrktqhlpmeight 58
vxp6onetwofourfive 65
meightwoninesevenzdtltdseven7pcgkqgcpsjbbqlseven1 81
two28tnkxzldhfour6tbtctxsjone 21
2sevenmkmcrlkhfivertcknzkrtwo6 26
rthree3seven 37
1fivebxkhzcdxsixqxldjmhhmlfivehhscj 15
sixeight2vjfsgrrpqkrkbxmqcntq3eight 68
fbpsgsgnpthreeb5two4 34
9fxqxkrrs1qcqct 91
lg4onetwodkgd9 49
njszseven55foursix 76
sevenone8 78
four8sixvrtzgzbhgone2 42
threeonetwo227 37
tbfourrkmclvrjzd2bvf6 46
27ttkxsqr 27
xzjf8sixrxdzzn 86
9qtmt6eightsvtcmtkcqcqsxfn9jtpzr 99
twodhmprpfvcfour747 27
375jrn 35
cpvdponeklkpmsqslq9 19
ttzvkqrjsqgbztzqrvk7ldthree35djbdgh 75
9lcfxtftnhseven1nine 99
6bthreecfptdcfsf65 65
eightnine6nrrpsbqgggflnp91 81
mslqqsnjlhqdffndcnlcttjmfeightfive8nine 89
kvfkrt7pkthreethreegt 73
ninez45fourf 94
fivefourlscfour1fbpone 51
8zqdqtzt6bv1fourtwo 82
lzszbvchjdgz93nine 99
mtflpsmqm74two8 78
7sjqprggnzone1 71
2ncl5gzvnrtgfgp6fourjrbnnmpmhthree 23
pbfxkfsone5qnlvplzseven4 14
gkzmtz5jgsldqgl7mtbft4lkmkpvkfive 55
7lskftknzrtninexthhsnljms 79
vzrlnsjqz8531three272 82
seven18bbnd 78
1hqmvhfbgff9nhlbfpqlsf 19
four2eightseven 47
fournine4gzjjfgdd 44
four34rlcmzmzhdmn 44
knprzpv5four9onetwonineeight 58
eightrtqcdnsgbbcxgzqtkscbpvnjzs49three 83
threethree82onezbqjzfxrqkkz8 38
6vtqkkf 66
eightsix73 83
42446eightsixsix 46
11threesix 16
5ninenine7seventhree 53
43seveneight58six2eight 48
szclshzxqq3 33
29hsl21threevx5 25
gbxpeight1 81
7two7four7six 76
7hcnfclhcfk5 75
fiveninen5five4 54
eight11threethreeeight 88
62lbhqrzbblz 62
8four6 86
seveneight8six4 74
hlknnfkqfive6one9 59
nmeight8 88
two98zsevennpjsllnpbkd 27
4t 44
j94662seven 97
two8one96fivenineqd 29
7seven7nine9s 79
nineninepgbbrxsdfzsfkrmsjmdrc6khkghxtjcmcjsrk 96
bqppgvgfour8onedlkzjkfzsbnksixnine 49
82twojxlgvlrvlmone 81
mhjh4fttnqjkcteight6eight1blqbn5 45
14bprmfvssfqnine18 18
threesixmzsbjdkzrgseventwosix89j 39
1knlhqgvprseven39 19
5oneseven 57
mctqcpseven1msrtlkdtwo2 72
2threetwog3jdvxvxmrjtwo 22
twotccrchvh9fnxfouronefive6 26
hdldjzkj26 26
43kxqcjpkbczcxcfr4nrfpxxnp 44
mmxvfrpfive3 53
lcvslljqsss5six84seven 57
84nine2sevenfivezd3 83
5ninefxhdvthqninehzksqfgrgtone16 56
three5533fivexqfm 35
5fourfive4 54
fourldkdvvnrbrseven73mngqjf 43
bpsix4ninetzscrgq 69
jbeightwoninemsfcfzrsqtwop5eight69five 85
sixeightfourgthreegg8 68
6twonine8fourvdtk 64
1fivethreetscbjltkmpkjrkbssxnhnsks3 13
rpcgsqtxqvtwoonetwo4four 24
one7one3fzmfivethree 13
mkqzfhhxfive7 57
sixsix5oneeightsix 66
l9fourfq 94
n6seven61eightfoursbcxl 64
six5gk 65
nfthreefour88 38
four265sevenknmlxdxmqpsszznrz 47
1gqbjbhmghgqdjxxppfhtlnine 19
bvhvvhmq3fivethree3sixmfgf 36
vqgnqspseven66qlbgtzqjdxxxjmxmqr 76
4sevenfive6nine45 45
htxpdcjfbfour5939mnhqsqcvn 49
qvqgppfvrktjncgkfshzvhcxfzvtvgtwo37two 22
foursixzsgx8eight 48
knxqh1jfskmzqfone 11
zxq998521jnpcvhll 91
3fivebsonefournine2eight1 31
kcbcvone6six 16
four65fourlgzxone 41
dclkbndljtxrmltrbznine5 95
bd1qjqhlgftrgsevensevenseven2sglrmx 12
grpdgfourpjzfourone75qtknl 45
nine66 96
twomxqflmbjg7 27
foursix2threeseven 47
36three2hvmgbqd 32
two8vlqnpone3oneninesix 26
5nine3r9 59
sevenvpcjqtnzdpcscgrgdmghqhpgkninebvbpcv5six1 71
fivemrzsixpzxvrpseven3rseven1 51
vqlrmnxnpvlpmeightzmvthgc43 83
pvttbbzvhfourninekptxsix8three93 43
hdpkd2h77fourtsjlqp 24
kgnrsfrmt3tddtzxcdlheight53dfk 33
z1rqjkp 11
8prcvdbhvpl4three 83
rgmtnbmsf9threenfz8 98
fivesvdn9seven7one99 59
seven6tnqqkpzj 76
threeseven9 39
1kkjfsgfmseventhree 13
ninesixlqpkvhzntwo6two8bplfhg 98
25tx7seven5 25
14vrsdbpftdxfivefivefourtjdmgvblmfjjdjd6 16
5pntcmsixfivesix4 54
sixsixvcnzxbxkfour1fiveeight 68
spjrlfppdsixnvr3tlxcjvtgbjqrszvxv 63
9five9gnrqdhbhbbsj 99
sevenjqgdmdzsix4pzplgfzlmltllk1 71
nmjdzlseven24one8pqqfsrkhb53 73
seven1four 74
1gfbqptlvmzgvqrhtthreesevenrxjdslrfdzhx 17
ddnine5 95
zbqrvctj5 55
seven354ftrznzcqx41eight3eightwonsj 72
three989pvsqhhzvxnine 39
ktoneight477mkhkjzsbvninefjfive4 14
85foursixsix 86
8bcnkh3tcqhneightktlpdmzpjdksjpfoneightqm 88
eight68dlvgjb8bbchjlxzvf 88
nine1nzcdvfgm 91
1eight1sdjnfpq 11
htninefiveeighteight8 98
gtwo5 25
9fournhpb33 93
mqxsfjfive6nine2 52
gchkthf2 22
vkd6pmvhbbphtfsjpllvkp 66
llrfcqczjldmlvvrxeightnvjgkqblgj7six 86
nine2qb 92
pqknhcqr54onefourfive2 52
qthree58 38
9dnkqgjeighttcbbctlgdf 98
8fv5 85
8fp5xghphxrq6fourbfninefive 85
nine9sixkqdhvpqeight 98
qzssjfkv8nrlnx26 86
413rqbqmqlprthree8br 48
jzlsrkcsrlfkccslrfrgnq147plpcxrtwo 12
7twosixone6threedcct6 76
zhhhr55 55
5jjzqlpjm 55
ninetwo1 91
kskmzfhscm4one 41
zdrjcmlxcx4mtvsltkm711bncbfnc3ngkhvzt 43
1six9 19
3sixtwo9 39
xqvsixonexdkvxpkpqhlrone93 63
7sevenonevxlcgsfjgbjfztjxjljnbmb5prh 75
6zbrlxhxr1fourfivegfhnjscnine 69
5gzeight 58
twofourbsix17 27
fcrzbninenine3 93
qpksmzv5 55
8kjkmvrggzglpmnnzcmthree 83
gjbfour7five 45
eight4eightnine 89
1onekbsjqjjhtwo 12
4zxrtfz 44
jcjlqxfbnvghf1 11
two2seventhreeninefive 25
6twoclrbkh6nine4 64
mnrrtf2fiveseven9xlflf 29
42drsxctvqsix 46
2six71sixfourtwo 22
5seven2eight 58
fhtsxjjnztwovqmxqtlxd1 21
ttxqr9481 91
6five8sevenfour2 62
mjmlgn7seven5 75
threefive4dzlkfone19ndpxxzjz5 35
ggpdsnrqtxxt1hpshzkpfhb 11
91jdrmgzt68pnf 98
mdtmqvtz9sevenx8twoner 91
sckzbprzktwonine31bkmtbhmcs 21
fgvjgx5one7hctftvmbvk 57
fjlxdhqxn6ninetwoxthcbhmxnine9zzcfqbsxqk 69
43fourthreesjldzsonesix3ndm 43
8twofivexpvdjljffpcnbjtkninefive 85
hfbcbhbxgzjqjspxlpnbppjsfcvqvkgxd22 22
ninezzrg4 94
4hfkdjkgdfsix 46
5onefive2 52
94crrdpjlzztjb6 96
sixktcznlmccmb8 68
hgpxpvphr589d 59
mvsqtsks2772flfkgzd 22
7ninefivesvglcxk 75
2knkmjqkpt8gfzvklcpseven7five 25
two1onetwothree 23
three3sevenmdhvb 37
jrmzfnvvhbfour297 47
ninebkcpfkzdone1 91
11eighteightkdmmzth 18
8bnhlskcvtrnpf43jcfhfxf 83
134geight 18
5kfmjnseven3two3 53
seven3four4onebdzznjngqbqg 71
fpxmmbthreeninethreefour3six 36
9twoz83jxjt 93
dnpqsmzvlzsppf46 46
five8onexsgnxtdtwonecl 51
8gpbddqqpnq1onetxmhshjdpmnine 89
dhqft2three8twosixppsdxrxrzfb 26
1xjnzbspfournseven 17
cjcfkzfive45zjkrlvnz8 58
sixrzmqrkkd5fqqf 65
sixkxtpcjmrmvvqjdgfttd6 66
threehpbsevenffnqgdjcftjkdjhhk7dvzmkmqthreefflb 33
6npp7fivebghnnxnqjxhhxfdqpsixfour 64
ffour87fqrvqxqlqrrk 47
6ninerzksfbszmqnvgmtqonesixjzsf 66
sevenszl3lkqqfhlrdmkxgggvmkb 73
5c1 51
vrxbfckfz7qlfrnggsbdfive6glhk62three 73
7eightfiveeightrdnhfnqeight5 75
5threethreerdlsfdsvggzbonecxqzqdvxcqtqbg1 51
gttsix2567 67
